{"d:\\Projects\\TSDataStructure\\dist\\src\\BinaryTree\\BinaryTree.js":{"path":"d:\\Projects\\TSDataStructure\\dist\\src\\BinaryTree\\BinaryTree.js","s":{"1":1,"2":1,"3":1,"4":13,"5":13,"6":0,"7":13,"8":2,"9":13,"10":13,"11":1,"12":13,"13":6,"14":13,"15":5,"16":13,"17":1},"b":{"1":[0,13],"2":[2,11],"3":[1,12],"4":[6,7],"5":[13,12],"6":[5,8],"7":[13,11]},"f":{"1":1,"2":13,"3":13},"fnMap":{"1":{"name":"(anonymous_1)","line":5,"loc":{"start":{"line":5,"column":15},"end":{"line":5,"column":23}}},"2":{"name":"(anonymous_2)","line":11,"loc":{"start":{"line":11,"column":11},"end":{"line":11,"column":14}}},"3":{"name":"(anonymous_3)","line":19,"loc":{"start":{"line":19,"column":12},"end":{"line":19,"column":33}}}},"statementMap":{"1":{"start":{"line":2,"column":0},"end":{"line":2,"column":62}},"2":{"start":{"line":3,"column":0},"end":{"line":3,"column":60}},"3":{"start":{"line":6,"column":8},"end":{"line":6,"column":64}},"4":{"start":{"line":12,"column":8},"end":{"line":12,"column":26}},"5":{"start":{"line":20,"column":8},"end":{"line":22,"column":9}},"6":{"start":{"line":21,"column":12},"end":{"line":21,"column":24}},"7":{"start":{"line":23,"column":8},"end":{"line":25,"column":9}},"8":{"start":{"line":24,"column":12},"end":{"line":24,"column":34}},"9":{"start":{"line":26,"column":8},"end":{"line":26,"column":26}},"10":{"start":{"line":27,"column":8},"end":{"line":29,"column":9}},"11":{"start":{"line":28,"column":12},"end":{"line":28,"column":26}},"12":{"start":{"line":30,"column":8},"end":{"line":32,"column":9}},"13":{"start":{"line":31,"column":12},"end":{"line":31,"column":58}},"14":{"start":{"line":33,"column":8},"end":{"line":35,"column":9}},"15":{"start":{"line":34,"column":12},"end":{"line":34,"column":59}},"16":{"start":{"line":36,"column":8},"end":{"line":36,"column":22}},"17":{"start":{"line":39,"column":0},"end":{"line":39,"column":32}}},"branchMap":{"1":{"line":20,"type":"if","locations":[{"start":{"line":20,"column":8},"end":{"line":20,"column":8}},{"start":{"line":20,"column":8},"end":{"line":20,"column":8}}]},"2":{"line":23,"type":"if","locations":[{"start":{"line":23,"column":8},"end":{"line":23,"column":8}},{"start":{"line":23,"column":8},"end":{"line":23,"column":8}}]},"3":{"line":27,"type":"if","locations":[{"start":{"line":27,"column":8},"end":{"line":27,"column":8}},{"start":{"line":27,"column":8},"end":{"line":27,"column":8}}]},"4":{"line":30,"type":"if","locations":[{"start":{"line":30,"column":8},"end":{"line":30,"column":8}},{"start":{"line":30,"column":8},"end":{"line":30,"column":8}}]},"5":{"line":30,"type":"binary-expr","locations":[{"start":{"line":30,"column":12},"end":{"line":30,"column":27}},{"start":{"line":30,"column":31},"end":{"line":30,"column":54}}]},"6":{"line":33,"type":"if","locations":[{"start":{"line":33,"column":8},"end":{"line":33,"column":8}},{"start":{"line":33,"column":8},"end":{"line":33,"column":8}}]},"7":{"line":33,"type":"binary-expr","locations":[{"start":{"line":33,"column":12},"end":{"line":33,"column":27}},{"start":{"line":33,"column":31},"end":{"line":33,"column":55}}]}}},"d:\\Projects\\TSDataStructure\\dist\\src\\Nodes\\BinaryTreeNode.js":{"path":"d:\\Projects\\TSDataStructure\\dist\\src\\Nodes\\BinaryTreeNode.js","s":{"1":1,"2":7,"3":7,"4":7,"5":19,"6":0,"7":30,"8":3,"9":23,"10":3,"11":6,"12":3,"13":3,"14":3,"15":1},"b":{"1":[3,3],"2":[3,0]},"f":{"1":7,"2":19,"3":0,"4":30,"5":3,"6":23,"7":3,"8":6},"fnMap":{"1":{"name":"(anonymous_1)","line":4,"loc":{"start":{"line":4,"column":15},"end":{"line":4,"column":30}}},"2":{"name":"(anonymous_2)","line":12,"loc":{"start":{"line":12,"column":12},"end":{"line":12,"column":15}}},"3":{"name":"(anonymous_3)","line":19,"loc":{"start":{"line":19,"column":12},"end":{"line":19,"column":20}}},"4":{"name":"(anonymous_4)","line":25,"loc":{"start":{"line":25,"column":11},"end":{"line":25,"column":14}}},"5":{"name":"(anonymous_5)","line":32,"loc":{"start":{"line":32,"column":11},"end":{"line":32,"column":19}}},"6":{"name":"(anonymous_6)","line":38,"loc":{"start":{"line":38,"column":12},"end":{"line":38,"column":15}}},"7":{"name":"(anonymous_7)","line":45,"loc":{"start":{"line":45,"column":12},"end":{"line":45,"column":20}}},"8":{"name":"(anonymous_8)","line":53,"loc":{"start":{"line":53,"column":10},"end":{"line":53,"column":18}}}},"statementMap":{"1":{"start":{"line":2,"column":0},"end":{"line":2,"column":62}},"2":{"start":{"line":5,"column":8},"end":{"line":5,"column":28}},"3":{"start":{"line":6,"column":8},"end":{"line":6,"column":26}},"4":{"start":{"line":7,"column":8},"end":{"line":7,"column":27}},"5":{"start":{"line":13,"column":8},"end":{"line":13,"column":27}},"6":{"start":{"line":20,"column":8},"end":{"line":20,"column":28}},"7":{"start":{"line":26,"column":8},"end":{"line":26,"column":26}},"8":{"start":{"line":33,"column":8},"end":{"line":33,"column":47}},"9":{"start":{"line":39,"column":8},"end":{"line":39,"column":27}},"10":{"start":{"line":46,"column":8},"end":{"line":46,"column":48}},"11":{"start":{"line":54,"column":8},"end":{"line":59,"column":9}},"12":{"start":{"line":55,"column":12},"end":{"line":55,"column":32}},"13":{"start":{"line":57,"column":13},"end":{"line":59,"column":9}},"14":{"start":{"line":58,"column":12},"end":{"line":58,"column":33}},"15":{"start":{"line":62,"column":0},"end":{"line":62,"column":40}}},"branchMap":{"1":{"line":54,"type":"if","locations":[{"start":{"line":54,"column":8},"end":{"line":54,"column":8}},{"start":{"line":54,"column":8},"end":{"line":54,"column":8}}]},"2":{"line":57,"type":"if","locations":[{"start":{"line":57,"column":13},"end":{"line":57,"column":13}},{"start":{"line":57,"column":13},"end":{"line":57,"column":13}}]}}},"d:\\Projects\\TSDataStructure\\dist\\src\\index.js":{"path":"d:\\Projects\\TSDataStructure\\dist\\src\\index.js","s":{"1":1,"2":9,"3":9,"4":9,"5":1,"6":1,"7":1,"8":1,"9":1,"10":1,"11":1,"12":1,"13":1,"14":1},"b":{"1":[9,0]},"f":{"1":9},"fnMap":{"1":{"name":"__export","line":5,"loc":{"start":{"line":5,"column":0},"end":{"line":5,"column":21}}}},"statementMap":{"1":{"start":{"line":5,"column":0},"end":{"line":7,"column":1}},"2":{"start":{"line":6,"column":4},"end":{"line":6,"column":71}},"3":{"start":{"line":6,"column":21},"end":{"line":6,"column":71}},"4":{"start":{"line":6,"column":53},"end":{"line":6,"column":71}},"5":{"start":{"line":8,"column":0},"end":{"line":8,"column":62}},"6":{"start":{"line":9,"column":0},"end":{"line":9,"column":45}},"7":{"start":{"line":10,"column":0},"end":{"line":10,"column":45}},"8":{"start":{"line":11,"column":0},"end":{"line":11,"column":39}},"9":{"start":{"line":12,"column":0},"end":{"line":12,"column":46}},"10":{"start":{"line":13,"column":0},"end":{"line":13,"column":40}},"11":{"start":{"line":14,"column":0},"end":{"line":14,"column":35}},"12":{"start":{"line":15,"column":0},"end":{"line":15,"column":35}},"13":{"start":{"line":16,"column":0},"end":{"line":16,"column":44}},"14":{"start":{"line":17,"column":0},"end":{"line":17,"column":45}}},"branchMap":{"1":{"line":6,"type":"if","locations":[{"start":{"line":6,"column":21},"end":{"line":6,"column":21}},{"start":{"line":6,"column":21},"end":{"line":6,"column":21}}]}}},"d:\\Projects\\TSDataStructure\\dist\\src\\Dictionary\\Dictionary.js":{"path":"d:\\Projects\\TSDataStructure\\dist\\src\\Dictionary\\Dictionary.js","s":{"1":1,"2":5,"3":3,"4":20,"5":8,"6":4,"7":1,"8":1,"9":3,"10":10,"11":10,"12":8,"13":8,"14":10,"15":1,"16":1,"17":3,"18":3,"19":1,"20":2,"21":1,"22":1,"23":1,"24":2,"25":1},"b":{"1":[8,0],"2":[3,0],"3":[1,1]},"f":{"1":11,"2":5,"3":3,"4":20,"5":8,"6":4,"7":1,"8":3,"9":10,"10":1,"11":2,"12":2},"fnMap":{"1":{"name":"(anonymous_1)","line":19,"loc":{"start":{"line":19,"column":15},"end":{"line":19,"column":18}}},"2":{"name":"(anonymous_2)","line":27,"loc":{"start":{"line":27,"column":8},"end":{"line":27,"column":11}}},"3":{"name":"(anonymous_3)","line":33,"loc":{"start":{"line":33,"column":11},"end":{"line":33,"column":14}}},"4":{"name":"(anonymous_4)","line":39,"loc":{"start":{"line":39,"column":7},"end":{"line":39,"column":20}}},"5":{"name":"(anonymous_5)","line":46,"loc":{"start":{"line":46,"column":7},"end":{"line":46,"column":13}}},"6":{"name":"(anonymous_6)","line":53,"loc":{"start":{"line":53,"column":10},"end":{"line":53,"column":16}}},"7":{"name":"(anonymous_7)","line":60,"loc":{"start":{"line":60,"column":9},"end":{"line":60,"column":12}}},"8":{"name":"(anonymous_8)","line":62,"loc":{"start":{"line":62,"column":28},"end":{"line":62,"column":41}}},"9":{"name":"(anonymous_9)","line":69,"loc":{"start":{"line":69,"column":8},"end":{"line":69,"column":11}}},"10":{"name":"(anonymous_10)","line":81,"loc":{"start":{"line":81,"column":11},"end":{"line":81,"column":14}}},"11":{"name":"(anonymous_11)","line":93,"loc":{"start":{"line":93,"column":12},"end":{"line":93,"column":25}}},"12":{"name":"(anonymous_12)","line":105,"loc":{"start":{"line":105,"column":15},"end":{"line":105,"column":21}}}},"statementMap":{"1":{"start":{"line":5,"column":0},"end":{"line":5,"column":62}},"2":{"start":{"line":28,"column":8},"end":{"line":28,"column":34}},"3":{"start":{"line":34,"column":8},"end":{"line":34,"column":40}},"4":{"start":{"line":41,"column":8},"end":{"line":41,"column":26}},"5":{"start":{"line":48,"column":8},"end":{"line":48,"column":25}},"6":{"start":{"line":55,"column":8},"end":{"line":55,"column":25}},"7":{"start":{"line":61,"column":8},"end":{"line":61,"column":26}},"8":{"start":{"line":62,"column":8},"end":{"line":64,"column":11}},"9":{"start":{"line":63,"column":12},"end":{"line":63,"column":27}},"10":{"start":{"line":70,"column":8},"end":{"line":70,"column":26}},"11":{"start":{"line":71,"column":8},"end":{"line":75,"column":9}},"12":{"start":{"line":72,"column":12},"end":{"line":74,"column":13}},"13":{"start":{"line":73,"column":16},"end":{"line":73,"column":31}},"14":{"start":{"line":76,"column":8},"end":{"line":76,"column":22}},"15":{"start":{"line":82,"column":8},"end":{"line":82,"column":26}},"16":{"start":{"line":83,"column":8},"end":{"line":87,"column":9}},"17":{"start":{"line":84,"column":12},"end":{"line":86,"column":13}},"18":{"start":{"line":85,"column":16},"end":{"line":85,"column":41}},"19":{"start":{"line":88,"column":8},"end":{"line":88,"column":22}},"20":{"start":{"line":95,"column":8},"end":{"line":99,"column":9}},"21":{"start":{"line":97,"column":12},"end":{"line":97,"column":30}},"22":{"start":{"line":98,"column":12},"end":{"line":98,"column":24}},"23":{"start":{"line":100,"column":8},"end":{"line":100,"column":21}},"24":{"start":{"line":107,"column":8},"end":{"line":107,"column":48}},"25":{"start":{"line":110,"column":0},"end":{"line":110,"column":32}}},"branchMap":{"1":{"line":72,"type":"if","locations":[{"start":{"line":72,"column":12},"end":{"line":72,"column":12}},{"start":{"line":72,"column":12},"end":{"line":72,"column":12}}]},"2":{"line":84,"type":"if","locations":[{"start":{"line":84,"column":12},"end":{"line":84,"column":12}},{"start":{"line":84,"column":12},"end":{"line":84,"column":12}}]},"3":{"line":95,"type":"if","locations":[{"start":{"line":95,"column":8},"end":{"line":95,"column":8}},{"start":{"line":95,"column":8},"end":{"line":95,"column":8}}]}}},"d:\\Projects\\TSDataStructure\\dist\\src\\List\\DoubleLinkedList.js":{"path":"d:\\Projects\\TSDataStructure\\dist\\src\\List\\DoubleLinkedList.js","s":{"1":1,"2":1,"3":7,"4":7,"5":4,"6":20,"7":3,"8":1,"9":2,"10":2,"11":2,"12":2,"13":7,"14":7,"15":2,"16":18,"17":6,"18":6,"19":12,"20":12,"21":12,"22":4,"23":12,"24":12,"25":12,"26":18,"27":5,"28":1,"29":1,"30":0,"31":1,"32":1,"33":1,"34":4,"35":4,"36":1,"37":0,"38":0,"39":0,"40":0,"41":0,"42":0,"43":0,"44":0,"45":1},"b":{"1":[2,2],"2":[1,2],"3":[6,12],"4":[12,0],"5":[12,12],"6":[4,8],"7":[1,4],"8":[0,1],"9":[0,0]},"f":{"1":7,"2":4,"3":20,"4":3,"5":18,"6":5,"7":1,"8":0},"fnMap":{"1":{"name":"(anonymous_1)","line":14,"loc":{"start":{"line":14,"column":15},"end":{"line":14,"column":18}}},"2":{"name":"(anonymous_2)","line":24,"loc":{"start":{"line":24,"column":11},"end":{"line":24,"column":14}}},"3":{"name":"(anonymous_3)","line":30,"loc":{"start":{"line":30,"column":11},"end":{"line":30,"column":14}}},"4":{"name":"(anonymous_4)","line":36,"loc":{"start":{"line":36,"column":8},"end":{"line":36,"column":11}}},"5":{"name":"(anonymous_5)","line":52,"loc":{"start":{"line":52,"column":10},"end":{"line":52,"column":18}}},"6":{"name":"(anonymous_6)","line":73,"loc":{"start":{"line":73,"column":11},"end":{"line":73,"column":14}}},"7":{"name":"(anonymous_7)","line":79,"loc":{"start":{"line":79,"column":11},"end":{"line":79,"column":14}}},"8":{"name":"(anonymous_8)","line":104,"loc":{"start":{"line":104,"column":9},"end":{"line":104,"column":12}}}},"statementMap":{"1":{"start":{"line":5,"column":0},"end":{"line":5,"column":62}},"2":{"start":{"line":6,"column":0},"end":{"line":6,"column":64}},"3":{"start":{"line":15,"column":8},"end":{"line":15,"column":26}},"4":{"start":{"line":16,"column":8},"end":{"line":16,"column":26}},"5":{"start":{"line":25,"column":8},"end":{"line":25,"column":47}},"6":{"start":{"line":31,"column":8},"end":{"line":31,"column":27}},"7":{"start":{"line":37,"column":8},"end":{"line":39,"column":9}},"8":{"start":{"line":38,"column":12},"end":{"line":38,"column":21}},"9":{"start":{"line":40,"column":8},"end":{"line":40,"column":23}},"10":{"start":{"line":41,"column":8},"end":{"line":41,"column":17}},"11":{"start":{"line":42,"column":8},"end":{"line":42,"column":26}},"12":{"start":{"line":43,"column":8},"end":{"line":46,"column":9}},"13":{"start":{"line":44,"column":12},"end":{"line":44,"column":34}},"14":{"start":{"line":45,"column":12},"end":{"line":45,"column":21}},"15":{"start":{"line":47,"column":8},"end":{"line":47,"column":22}},"16":{"start":{"line":53,"column":8},"end":{"line":67,"column":9}},"17":{"start":{"line":54,"column":12},"end":{"line":54,"column":72}},"18":{"start":{"line":55,"column":12},"end":{"line":55,"column":36}},"19":{"start":{"line":58,"column":12},"end":{"line":58,"column":72}},"20":{"start":{"line":59,"column":12},"end":{"line":66,"column":13}},"21":{"start":{"line":60,"column":16},"end":{"line":62,"column":17}},"22":{"start":{"line":61,"column":20},"end":{"line":61,"column":45}},"23":{"start":{"line":63,"column":16},"end":{"line":63,"column":41}},"24":{"start":{"line":64,"column":16},"end":{"line":64,"column":45}},"25":{"start":{"line":65,"column":16},"end":{"line":65,"column":34}},"26":{"start":{"line":68,"column":8},"end":{"line":68,"column":20}},"27":{"start":{"line":74,"column":8},"end":{"line":74,"column":47}},"28":{"start":{"line":80,"column":8},"end":{"line":80,"column":26}},"29":{"start":{"line":81,"column":8},"end":{"line":83,"column":9}},"30":{"start":{"line":82,"column":12},"end":{"line":82,"column":26}},"31":{"start":{"line":84,"column":8},"end":{"line":84,"column":17}},"32":{"start":{"line":85,"column":8},"end":{"line":85,"column":26}},"33":{"start":{"line":86,"column":8},"end":{"line":89,"column":9}},"34":{"start":{"line":87,"column":12},"end":{"line":87,"column":41}},"35":{"start":{"line":88,"column":12},"end":{"line":88,"column":34}},"36":{"start":{"line":90,"column":8},"end":{"line":90,"column":22}},"37":{"start":{"line":105,"column":8},"end":{"line":105,"column":34}},"38":{"start":{"line":106,"column":8},"end":{"line":108,"column":9}},"39":{"start":{"line":107,"column":12},"end":{"line":107,"column":27}},"40":{"start":{"line":110,"column":12},"end":{"line":110,"column":29}},"41":{"start":{"line":111,"column":12},"end":{"line":114,"column":13}},"42":{"start":{"line":112,"column":16},"end":{"line":112,"column":44}},"43":{"start":{"line":113,"column":16},"end":{"line":113,"column":38}},"44":{"start":{"line":115,"column":12},"end":{"line":115,"column":43}},"45":{"start":{"line":119,"column":0},"end":{"line":119,"column":44}}},"branchMap":{"1":{"line":25,"type":"cond-expr","locations":[{"start":{"line":25,"column":29},"end":{"line":25,"column":33}},{"start":{"line":25,"column":36},"end":{"line":25,"column":46}}]},"2":{"line":37,"type":"if","locations":[{"start":{"line":37,"column":8},"end":{"line":37,"column":8}},{"start":{"line":37,"column":8},"end":{"line":37,"column":8}}]},"3":{"line":53,"type":"if","locations":[{"start":{"line":53,"column":8},"end":{"line":53,"column":8}},{"start":{"line":53,"column":8},"end":{"line":53,"column":8}}]},"4":{"line":59,"type":"if","locations":[{"start":{"line":59,"column":12},"end":{"line":59,"column":12}},{"start":{"line":59,"column":12},"end":{"line":59,"column":12}}]},"5":{"line":59,"type":"binary-expr","locations":[{"start":{"line":59,"column":16},"end":{"line":59,"column":26}},{"start":{"line":59,"column":30},"end":{"line":59,"column":40}}]},"6":{"line":60,"type":"if","locations":[{"start":{"line":60,"column":16},"end":{"line":60,"column":16}},{"start":{"line":60,"column":16},"end":{"line":60,"column":16}}]},"7":{"line":74,"type":"cond-expr","locations":[{"start":{"line":74,"column":29},"end":{"line":74,"column":33}},{"start":{"line":74,"column":36},"end":{"line":74,"column":46}}]},"8":{"line":81,"type":"if","locations":[{"start":{"line":81,"column":8},"end":{"line":81,"column":8}},{"start":{"line":81,"column":8},"end":{"line":81,"column":8}}]},"9":{"line":106,"type":"if","locations":[{"start":{"line":106,"column":8},"end":{"line":106,"column":8}},{"start":{"line":106,"column":8},"end":{"line":106,"column":8}}]}}},"d:\\Projects\\TSDataStructure\\dist\\src\\Nodes\\DoubleLinkedNode.js":{"path":"d:\\Projects\\TSDataStructure\\dist\\src\\Nodes\\DoubleLinkedNode.js","s":{"1":1,"2":33,"3":33,"4":33,"5":1,"6":0,"7":1,"8":1,"9":20,"10":21,"11":21,"12":21,"13":2,"14":21,"15":9,"16":14,"17":14,"18":1,"19":14,"20":1},"b":{"1":[0,1],"2":[5,16],"3":[2,19],"4":[21,2],"5":[2,7],"6":[1,13],"7":[14,1]},"f":{"1":33,"2":1,"3":20,"4":21,"5":21,"6":9,"7":14},"fnMap":{"1":{"name":"(anonymous_1)","line":13,"loc":{"start":{"line":13,"column":15},"end":{"line":13,"column":39}}},"2":{"name":"(anonymous_2)","line":24,"loc":{"start":{"line":24,"column":12},"end":{"line":24,"column":21}}},"3":{"name":"(anonymous_3)","line":34,"loc":{"start":{"line":34,"column":12},"end":{"line":34,"column":15}}},"4":{"name":"(anonymous_4)","line":40,"loc":{"start":{"line":40,"column":11},"end":{"line":40,"column":14}}},"5":{"name":"(anonymous_5)","line":46,"loc":{"start":{"line":46,"column":11},"end":{"line":46,"column":39}}},"6":{"name":"(anonymous_6)","line":56,"loc":{"start":{"line":56,"column":15},"end":{"line":56,"column":18}}},"7":{"name":"(anonymous_7)","line":62,"loc":{"start":{"line":62,"column":15},"end":{"line":62,"column":43}}}},"statementMap":{"1":{"start":{"line":5,"column":0},"end":{"line":5,"column":62}},"2":{"start":{"line":14,"column":8},"end":{"line":14,"column":28}},"3":{"start":{"line":15,"column":8},"end":{"line":15,"column":26}},"4":{"start":{"line":16,"column":8},"end":{"line":16,"column":34}},"5":{"start":{"line":25,"column":8},"end":{"line":27,"column":9}},"6":{"start":{"line":26,"column":12},"end":{"line":26,"column":24}},"7":{"start":{"line":28,"column":8},"end":{"line":28,"column":29}},"8":{"start":{"line":29,"column":8},"end":{"line":29,"column":20}},"9":{"start":{"line":35,"column":8},"end":{"line":35,"column":27}},"10":{"start":{"line":41,"column":8},"end":{"line":41,"column":47}},"11":{"start":{"line":47,"column":8},"end":{"line":47,"column":26}},"12":{"start":{"line":48,"column":8},"end":{"line":50,"column":9}},"13":{"start":{"line":49,"column":12},"end":{"line":49,"column":34}},"14":{"start":{"line":51,"column":8},"end":{"line":51,"column":26}},"15":{"start":{"line":57,"column":8},"end":{"line":57,"column":55}},"16":{"start":{"line":63,"column":8},"end":{"line":63,"column":34}},"17":{"start":{"line":64,"column":8},"end":{"line":66,"column":9}},"18":{"start":{"line":65,"column":12},"end":{"line":65,"column":34}},"19":{"start":{"line":67,"column":8},"end":{"line":67,"column":30}},"20":{"start":{"line":70,"column":0},"end":{"line":70,"column":44}}},"branchMap":{"1":{"line":25,"type":"if","locations":[{"start":{"line":25,"column":8},"end":{"line":25,"column":8}},{"start":{"line":25,"column":8},"end":{"line":25,"column":8}}]},"2":{"line":41,"type":"cond-expr","locations":[{"start":{"line":41,"column":29},"end":{"line":41,"column":33}},{"start":{"line":41,"column":36},"end":{"line":41,"column":46}}]},"3":{"line":48,"type":"if","locations":[{"start":{"line":48,"column":8},"end":{"line":48,"column":8}},{"start":{"line":48,"column":8},"end":{"line":48,"column":8}}]},"4":{"line":48,"type":"binary-expr","locations":[{"start":{"line":48,"column":12},"end":{"line":48,"column":23}},{"start":{"line":48,"column":27},"end":{"line":48,"column":31}}]},"5":{"line":57,"type":"cond-expr","locations":[{"start":{"line":57,"column":33},"end":{"line":57,"column":37}},{"start":{"line":57,"column":40},"end":{"line":57,"column":54}}]},"6":{"line":64,"type":"if","locations":[{"start":{"line":64,"column":8},"end":{"line":64,"column":8}},{"start":{"line":64,"column":8},"end":{"line":64,"column":8}}]},"7":{"line":64,"type":"binary-expr","locations":[{"start":{"line":64,"column":12},"end":{"line":64,"column":19}},{"start":{"line":64,"column":23},"end":{"line":64,"column":31}}]}}},"d:\\Projects\\TSDataStructure\\dist\\src\\List\\LinkedList.js":{"path":"d:\\Projects\\TSDataStructure\\dist\\src\\List\\LinkedList.js","s":{"1":1,"2":1,"3":7,"4":7,"5":4,"6":20,"7":2,"8":1,"9":1,"10":1,"11":1,"12":1,"13":4,"14":4,"15":1,"16":18,"17":6,"18":6,"19":12,"20":12,"21":12,"22":4,"23":12,"24":12,"25":18,"26":3,"27":1,"28":1,"29":0,"30":1,"31":1,"32":1,"33":4,"34":4,"35":1,"36":0,"37":0,"38":0,"39":0,"40":0,"41":0,"42":0,"43":0,"44":1},"b":{"1":[2,2],"2":[1,1],"3":[6,12],"4":[12,0],"5":[12,12],"6":[4,8],"7":[1,2],"8":[0,1],"9":[0,0]},"f":{"1":7,"2":4,"3":20,"4":2,"5":18,"6":3,"7":1,"8":0},"fnMap":{"1":{"name":"(anonymous_1)","line":14,"loc":{"start":{"line":14,"column":15},"end":{"line":14,"column":18}}},"2":{"name":"(anonymous_2)","line":24,"loc":{"start":{"line":24,"column":11},"end":{"line":24,"column":14}}},"3":{"name":"(anonymous_3)","line":30,"loc":{"start":{"line":30,"column":11},"end":{"line":30,"column":14}}},"4":{"name":"(anonymous_4)","line":36,"loc":{"start":{"line":36,"column":8},"end":{"line":36,"column":11}}},"5":{"name":"(anonymous_5)","line":52,"loc":{"start":{"line":52,"column":10},"end":{"line":52,"column":18}}},"6":{"name":"(anonymous_6)","line":72,"loc":{"start":{"line":72,"column":11},"end":{"line":72,"column":14}}},"7":{"name":"(anonymous_7)","line":78,"loc":{"start":{"line":78,"column":11},"end":{"line":78,"column":14}}},"8":{"name":"(anonymous_8)","line":103,"loc":{"start":{"line":103,"column":9},"end":{"line":103,"column":12}}}},"statementMap":{"1":{"start":{"line":5,"column":0},"end":{"line":5,"column":62}},"2":{"start":{"line":6,"column":0},"end":{"line":6,"column":52}},"3":{"start":{"line":15,"column":8},"end":{"line":15,"column":26}},"4":{"start":{"line":16,"column":8},"end":{"line":16,"column":26}},"5":{"start":{"line":25,"column":8},"end":{"line":25,"column":47}},"6":{"start":{"line":31,"column":8},"end":{"line":31,"column":27}},"7":{"start":{"line":37,"column":8},"end":{"line":39,"column":9}},"8":{"start":{"line":38,"column":12},"end":{"line":38,"column":21}},"9":{"start":{"line":40,"column":8},"end":{"line":40,"column":23}},"10":{"start":{"line":41,"column":8},"end":{"line":41,"column":17}},"11":{"start":{"line":42,"column":8},"end":{"line":42,"column":26}},"12":{"start":{"line":43,"column":8},"end":{"line":46,"column":9}},"13":{"start":{"line":44,"column":12},"end":{"line":44,"column":34}},"14":{"start":{"line":45,"column":12},"end":{"line":45,"column":21}},"15":{"start":{"line":47,"column":8},"end":{"line":47,"column":22}},"16":{"start":{"line":53,"column":8},"end":{"line":66,"column":9}},"17":{"start":{"line":54,"column":12},"end":{"line":54,"column":60}},"18":{"start":{"line":55,"column":12},"end":{"line":55,"column":36}},"19":{"start":{"line":58,"column":12},"end":{"line":58,"column":60}},"20":{"start":{"line":59,"column":12},"end":{"line":65,"column":13}},"21":{"start":{"line":60,"column":16},"end":{"line":62,"column":17}},"22":{"start":{"line":61,"column":20},"end":{"line":61,"column":45}},"23":{"start":{"line":63,"column":16},"end":{"line":63,"column":41}},"24":{"start":{"line":64,"column":16},"end":{"line":64,"column":34}},"25":{"start":{"line":67,"column":8},"end":{"line":67,"column":20}},"26":{"start":{"line":73,"column":8},"end":{"line":73,"column":47}},"27":{"start":{"line":79,"column":8},"end":{"line":79,"column":26}},"28":{"start":{"line":80,"column":8},"end":{"line":82,"column":9}},"29":{"start":{"line":81,"column":12},"end":{"line":81,"column":26}},"30":{"start":{"line":83,"column":8},"end":{"line":83,"column":17}},"31":{"start":{"line":84,"column":8},"end":{"line":84,"column":26}},"32":{"start":{"line":85,"column":8},"end":{"line":88,"column":9}},"33":{"start":{"line":86,"column":12},"end":{"line":86,"column":41}},"34":{"start":{"line":87,"column":12},"end":{"line":87,"column":34}},"35":{"start":{"line":89,"column":8},"end":{"line":89,"column":22}},"36":{"start":{"line":104,"column":8},"end":{"line":104,"column":34}},"37":{"start":{"line":105,"column":8},"end":{"line":107,"column":9}},"38":{"start":{"line":106,"column":12},"end":{"line":106,"column":27}},"39":{"start":{"line":109,"column":12},"end":{"line":109,"column":29}},"40":{"start":{"line":110,"column":12},"end":{"line":113,"column":13}},"41":{"start":{"line":111,"column":16},"end":{"line":111,"column":44}},"42":{"start":{"line":112,"column":16},"end":{"line":112,"column":38}},"43":{"start":{"line":114,"column":12},"end":{"line":114,"column":43}},"44":{"start":{"line":118,"column":0},"end":{"line":118,"column":32}}},"branchMap":{"1":{"line":25,"type":"cond-expr","locations":[{"start":{"line":25,"column":29},"end":{"line":25,"column":33}},{"start":{"line":25,"column":36},"end":{"line":25,"column":46}}]},"2":{"line":37,"type":"if","locations":[{"start":{"line":37,"column":8},"end":{"line":37,"column":8}},{"start":{"line":37,"column":8},"end":{"line":37,"column":8}}]},"3":{"line":53,"type":"if","locations":[{"start":{"line":53,"column":8},"end":{"line":53,"column":8}},{"start":{"line":53,"column":8},"end":{"line":53,"column":8}}]},"4":{"line":59,"type":"if","locations":[{"start":{"line":59,"column":12},"end":{"line":59,"column":12}},{"start":{"line":59,"column":12},"end":{"line":59,"column":12}}]},"5":{"line":59,"type":"binary-expr","locations":[{"start":{"line":59,"column":16},"end":{"line":59,"column":26}},{"start":{"line":59,"column":30},"end":{"line":59,"column":40}}]},"6":{"line":60,"type":"if","locations":[{"start":{"line":60,"column":16},"end":{"line":60,"column":16}},{"start":{"line":60,"column":16},"end":{"line":60,"column":16}}]},"7":{"line":73,"type":"cond-expr","locations":[{"start":{"line":73,"column":29},"end":{"line":73,"column":33}},{"start":{"line":73,"column":36},"end":{"line":73,"column":46}}]},"8":{"line":80,"type":"if","locations":[{"start":{"line":80,"column":8},"end":{"line":80,"column":8}},{"start":{"line":80,"column":8},"end":{"line":80,"column":8}}]},"9":{"line":105,"type":"if","locations":[{"start":{"line":105,"column":8},"end":{"line":105,"column":8}},{"start":{"line":105,"column":8},"end":{"line":105,"column":8}}]}}},"d:\\Projects\\TSDataStructure\\dist\\src\\Nodes\\LinkedNode.js":{"path":"d:\\Projects\\TSDataStructure\\dist\\src\\Nodes\\LinkedNode.js","s":{"1":1,"2":27,"3":27,"4":1,"5":0,"6":1,"7":1,"8":15,"9":12,"10":19,"11":19,"12":1},"b":{"1":[0,1],"2":[3,9]},"f":{"1":27,"2":1,"3":15,"4":12,"5":19},"fnMap":{"1":{"name":"(anonymous_1)","line":13,"loc":{"start":{"line":13,"column":15},"end":{"line":13,"column":29}}},"2":{"name":"(anonymous_2)","line":23,"loc":{"start":{"line":23,"column":12},"end":{"line":23,"column":21}}},"3":{"name":"(anonymous_3)","line":33,"loc":{"start":{"line":33,"column":12},"end":{"line":33,"column":15}}},"4":{"name":"(anonymous_4)","line":39,"loc":{"start":{"line":39,"column":11},"end":{"line":39,"column":14}}},"5":{"name":"(anonymous_5)","line":45,"loc":{"start":{"line":45,"column":11},"end":{"line":45,"column":18}}}},"statementMap":{"1":{"start":{"line":5,"column":0},"end":{"line":5,"column":62}},"2":{"start":{"line":14,"column":8},"end":{"line":14,"column":28}},"3":{"start":{"line":15,"column":8},"end":{"line":15,"column":26}},"4":{"start":{"line":24,"column":8},"end":{"line":26,"column":9}},"5":{"start":{"line":25,"column":12},"end":{"line":25,"column":24}},"6":{"start":{"line":27,"column":8},"end":{"line":27,"column":29}},"7":{"start":{"line":28,"column":8},"end":{"line":28,"column":20}},"8":{"start":{"line":34,"column":8},"end":{"line":34,"column":27}},"9":{"start":{"line":40,"column":8},"end":{"line":40,"column":47}},"10":{"start":{"line":46,"column":8},"end":{"line":46,"column":26}},"11":{"start":{"line":47,"column":8},"end":{"line":47,"column":26}},"12":{"start":{"line":50,"column":0},"end":{"line":50,"column":32}}},"branchMap":{"1":{"line":24,"type":"if","locations":[{"start":{"line":24,"column":8},"end":{"line":24,"column":8}},{"start":{"line":24,"column":8},"end":{"line":24,"column":8}}]},"2":{"line":40,"type":"cond-expr","locations":[{"start":{"line":40,"column":29},"end":{"line":40,"column":33}},{"start":{"line":40,"column":36},"end":{"line":40,"column":46}}]}}},"d:\\Projects\\TSDataStructure\\dist\\src\\Stack\\Stack.js":{"path":"d:\\Projects\\TSDataStructure\\dist\\src\\Stack\\Stack.js","s":{"1":1,"2":3,"3":8,"4":2,"5":1,"6":1,"7":1,"8":1},"b":{"1":[1,1]},"f":{"1":3,"2":8,"3":2,"4":1},"fnMap":{"1":{"name":"(anonymous_1)","line":13,"loc":{"start":{"line":13,"column":15},"end":{"line":13,"column":18}}},"2":{"name":"(anonymous_2)","line":29,"loc":{"start":{"line":29,"column":8},"end":{"line":29,"column":16}}},"3":{"name":"(anonymous_3)","line":35,"loc":{"start":{"line":35,"column":7},"end":{"line":35,"column":10}}},"4":{"name":"(anonymous_4)","line":44,"loc":{"start":{"line":44,"column":8},"end":{"line":44,"column":11}}}},"statementMap":{"1":{"start":{"line":5,"column":0},"end":{"line":5,"column":62}},"2":{"start":{"line":20,"column":8},"end":{"line":20,"column":25}},"3":{"start":{"line":30,"column":8},"end":{"line":30,"column":32}},"4":{"start":{"line":36,"column":8},"end":{"line":38,"column":9}},"5":{"start":{"line":37,"column":12},"end":{"line":37,"column":37}},"6":{"start":{"line":39,"column":8},"end":{"line":39,"column":20}},"7":{"start":{"line":45,"column":8},"end":{"line":45,"column":34}},"8":{"start":{"line":48,"column":0},"end":{"line":48,"column":22}}},"branchMap":{"1":{"line":36,"type":"if","locations":[{"start":{"line":36,"column":8},"end":{"line":36,"column":8}},{"start":{"line":36,"column":8},"end":{"line":36,"column":8}}]}}},"d:\\Projects\\TSDataStructure\\dist\\src\\Queue\\Queue.js":{"path":"d:\\Projects\\TSDataStructure\\dist\\src\\Queue\\Queue.js","s":{"1":1,"2":3,"3":8,"4":2,"5":1,"6":1,"7":1,"8":1},"b":{"1":[1,1]},"f":{"1":3,"2":8,"3":2,"4":1},"fnMap":{"1":{"name":"(anonymous_1)","line":13,"loc":{"start":{"line":13,"column":15},"end":{"line":13,"column":18}}},"2":{"name":"(anonymous_2)","line":29,"loc":{"start":{"line":29,"column":8},"end":{"line":29,"column":14}}},"3":{"name":"(anonymous_3)","line":32,"loc":{"start":{"line":32,"column":7},"end":{"line":32,"column":10}}},"4":{"name":"(anonymous_4)","line":38,"loc":{"start":{"line":38,"column":8},"end":{"line":38,"column":11}}}},"statementMap":{"1":{"start":{"line":5,"column":0},"end":{"line":5,"column":62}},"2":{"start":{"line":20,"column":8},"end":{"line":20,"column":25}},"3":{"start":{"line":30,"column":8},"end":{"line":30,"column":30}},"4":{"start":{"line":33,"column":8},"end":{"line":35,"column":9}},"5":{"start":{"line":34,"column":12},"end":{"line":34,"column":39}},"6":{"start":{"line":36,"column":8},"end":{"line":36,"column":20}},"7":{"start":{"line":39,"column":8},"end":{"line":39,"column":34}},"8":{"start":{"line":42,"column":0},"end":{"line":42,"column":22}}},"branchMap":{"1":{"line":33,"type":"if","locations":[{"start":{"line":33,"column":8},"end":{"line":33,"column":8}},{"start":{"line":33,"column":8},"end":{"line":33,"column":8}}]}}}}