TN:
SF:d:\Projects\TSDataStructure\dist\src\BinaryTree\BinaryTree.js
FN:5,(anonymous_1)
FN:11,(anonymous_2)
FN:19,(anonymous_3)
FNF:3
FNH:3
FNDA:1,(anonymous_1)
FNDA:13,(anonymous_2)
FNDA:13,(anonymous_3)
DA:2,1
DA:3,1
DA:6,1
DA:12,13
DA:20,13
DA:21,0
DA:23,13
DA:24,2
DA:26,13
DA:27,13
DA:28,1
DA:30,13
DA:31,6
DA:33,13
DA:34,5
DA:36,13
DA:39,1
LF:17
LH:16
BRDA:20,1,0,0
BRDA:20,1,1,13
BRDA:23,2,0,2
BRDA:23,2,1,11
BRDA:27,3,0,1
BRDA:27,3,1,12
BRDA:30,4,0,6
BRDA:30,4,1,7
BRDA:30,5,0,13
BRDA:30,5,1,12
BRDA:33,6,0,5
BRDA:33,6,1,8
BRDA:33,7,0,13
BRDA:33,7,1,11
BRF:14
BRH:13
end_of_record
TN:
SF:d:\Projects\TSDataStructure\dist\src\Nodes\BinaryTreeNode.js
FN:4,(anonymous_1)
FN:12,(anonymous_2)
FN:19,(anonymous_3)
FN:25,(anonymous_4)
FN:32,(anonymous_5)
FN:38,(anonymous_6)
FN:45,(anonymous_7)
FN:53,(anonymous_8)
FNF:8
FNH:7
FNDA:7,(anonymous_1)
FNDA:19,(anonymous_2)
FNDA:0,(anonymous_3)
FNDA:30,(anonymous_4)
FNDA:3,(anonymous_5)
FNDA:23,(anonymous_6)
FNDA:3,(anonymous_7)
FNDA:6,(anonymous_8)
DA:2,1
DA:5,7
DA:6,7
DA:7,7
DA:13,19
DA:20,0
DA:26,30
DA:33,3
DA:39,23
DA:46,3
DA:54,6
DA:55,3
DA:57,3
DA:58,3
DA:62,1
LF:15
LH:14
BRDA:54,1,0,3
BRDA:54,1,1,3
BRDA:57,2,0,3
BRDA:57,2,1,0
BRF:4
BRH:3
end_of_record
TN:
SF:d:\Projects\TSDataStructure\dist\src\index.js
FN:5,__export
FNF:1
FNH:1
FNDA:9,__export
DA:5,1
DA:6,9
DA:8,1
DA:9,1
DA:10,1
DA:11,1
DA:12,1
DA:13,1
DA:14,1
DA:15,1
DA:16,1
DA:17,1
LF:12
LH:12
BRDA:6,1,0,9
BRDA:6,1,1,0
BRF:2
BRH:1
end_of_record
TN:
SF:d:\Projects\TSDataStructure\dist\src\Dictionary\Dictionary.js
FN:19,(anonymous_1)
FN:27,(anonymous_2)
FN:33,(anonymous_3)
FN:39,(anonymous_4)
FN:46,(anonymous_5)
FN:53,(anonymous_6)
FN:60,(anonymous_7)
FN:62,(anonymous_8)
FN:69,(anonymous_9)
FN:81,(anonymous_10)
FN:93,(anonymous_11)
FN:105,(anonymous_12)
FNF:12
FNH:12
FNDA:11,(anonymous_1)
FNDA:5,(anonymous_2)
FNDA:3,(anonymous_3)
FNDA:20,(anonymous_4)
FNDA:8,(anonymous_5)
FNDA:4,(anonymous_6)
FNDA:1,(anonymous_7)
FNDA:3,(anonymous_8)
FNDA:10,(anonymous_9)
FNDA:1,(anonymous_10)
FNDA:2,(anonymous_11)
FNDA:2,(anonymous_12)
DA:5,1
DA:28,5
DA:34,3
DA:41,20
DA:48,8
DA:55,4
DA:61,1
DA:62,1
DA:63,3
DA:70,10
DA:71,10
DA:72,8
DA:73,8
DA:76,10
DA:82,1
DA:83,1
DA:84,3
DA:85,3
DA:88,1
DA:95,2
DA:97,1
DA:98,1
DA:100,1
DA:107,2
DA:110,1
LF:25
LH:25
BRDA:72,1,0,8
BRDA:72,1,1,0
BRDA:84,2,0,3
BRDA:84,2,1,0
BRDA:95,3,0,1
BRDA:95,3,1,1
BRF:6
BRH:4
end_of_record
TN:
SF:d:\Projects\TSDataStructure\dist\src\List\DoubleLinkedList.js
FN:14,(anonymous_1)
FN:24,(anonymous_2)
FN:30,(anonymous_3)
FN:36,(anonymous_4)
FN:52,(anonymous_5)
FN:73,(anonymous_6)
FN:79,(anonymous_7)
FN:104,(anonymous_8)
FNF:8
FNH:7
FNDA:7,(anonymous_1)
FNDA:4,(anonymous_2)
FNDA:20,(anonymous_3)
FNDA:3,(anonymous_4)
FNDA:18,(anonymous_5)
FNDA:5,(anonymous_6)
FNDA:1,(anonymous_7)
FNDA:0,(anonymous_8)
DA:5,1
DA:6,1
DA:15,7
DA:16,7
DA:25,4
DA:31,20
DA:37,3
DA:38,1
DA:40,2
DA:41,2
DA:42,2
DA:43,2
DA:44,7
DA:45,7
DA:47,2
DA:53,18
DA:54,6
DA:55,6
DA:58,12
DA:59,12
DA:60,12
DA:61,4
DA:63,12
DA:64,12
DA:65,12
DA:68,18
DA:74,5
DA:80,1
DA:81,1
DA:82,0
DA:84,1
DA:85,1
DA:86,1
DA:87,4
DA:88,4
DA:90,1
DA:105,0
DA:106,0
DA:107,0
DA:110,0
DA:111,0
DA:112,0
DA:113,0
DA:115,0
DA:119,1
LF:45
LH:36
BRDA:25,1,0,2
BRDA:25,1,1,2
BRDA:37,2,0,1
BRDA:37,2,1,2
BRDA:53,3,0,6
BRDA:53,3,1,12
BRDA:59,4,0,12
BRDA:59,4,1,0
BRDA:59,5,0,12
BRDA:59,5,1,12
BRDA:60,6,0,4
BRDA:60,6,1,8
BRDA:74,7,0,1
BRDA:74,7,1,4
BRDA:81,8,0,0
BRDA:81,8,1,1
BRDA:106,9,0,0
BRDA:106,9,1,0
BRF:18
BRH:14
end_of_record
TN:
SF:d:\Projects\TSDataStructure\dist\src\Nodes\DoubleLinkedNode.js
FN:13,(anonymous_1)
FN:24,(anonymous_2)
FN:34,(anonymous_3)
FN:40,(anonymous_4)
FN:46,(anonymous_5)
FN:56,(anonymous_6)
FN:62,(anonymous_7)
FNF:7
FNH:7
FNDA:33,(anonymous_1)
FNDA:1,(anonymous_2)
FNDA:20,(anonymous_3)
FNDA:21,(anonymous_4)
FNDA:21,(anonymous_5)
FNDA:9,(anonymous_6)
FNDA:14,(anonymous_7)
DA:5,1
DA:14,33
DA:15,33
DA:16,33
DA:25,1
DA:26,0
DA:28,1
DA:29,1
DA:35,20
DA:41,21
DA:47,21
DA:48,21
DA:49,2
DA:51,21
DA:57,9
DA:63,14
DA:64,14
DA:65,1
DA:67,14
DA:70,1
LF:20
LH:19
BRDA:25,1,0,0
BRDA:25,1,1,1
BRDA:41,2,0,5
BRDA:41,2,1,16
BRDA:48,3,0,2
BRDA:48,3,1,19
BRDA:48,4,0,21
BRDA:48,4,1,2
BRDA:57,5,0,2
BRDA:57,5,1,7
BRDA:64,6,0,1
BRDA:64,6,1,13
BRDA:64,7,0,14
BRDA:64,7,1,1
BRF:14
BRH:13
end_of_record
TN:
SF:d:\Projects\TSDataStructure\dist\src\List\LinkedList.js
FN:14,(anonymous_1)
FN:24,(anonymous_2)
FN:30,(anonymous_3)
FN:36,(anonymous_4)
FN:52,(anonymous_5)
FN:72,(anonymous_6)
FN:78,(anonymous_7)
FN:103,(anonymous_8)
FNF:8
FNH:7
FNDA:7,(anonymous_1)
FNDA:4,(anonymous_2)
FNDA:20,(anonymous_3)
FNDA:2,(anonymous_4)
FNDA:18,(anonymous_5)
FNDA:3,(anonymous_6)
FNDA:1,(anonymous_7)
FNDA:0,(anonymous_8)
DA:5,1
DA:6,1
DA:15,7
DA:16,7
DA:25,4
DA:31,20
DA:37,2
DA:38,1
DA:40,1
DA:41,1
DA:42,1
DA:43,1
DA:44,4
DA:45,4
DA:47,1
DA:53,18
DA:54,6
DA:55,6
DA:58,12
DA:59,12
DA:60,12
DA:61,4
DA:63,12
DA:64,12
DA:67,18
DA:73,3
DA:79,1
DA:80,1
DA:81,0
DA:83,1
DA:84,1
DA:85,1
DA:86,4
DA:87,4
DA:89,1
DA:104,0
DA:105,0
DA:106,0
DA:109,0
DA:110,0
DA:111,0
DA:112,0
DA:114,0
DA:118,1
LF:44
LH:35
BRDA:25,1,0,2
BRDA:25,1,1,2
BRDA:37,2,0,1
BRDA:37,2,1,1
BRDA:53,3,0,6
BRDA:53,3,1,12
BRDA:59,4,0,12
BRDA:59,4,1,0
BRDA:59,5,0,12
BRDA:59,5,1,12
BRDA:60,6,0,4
BRDA:60,6,1,8
BRDA:73,7,0,1
BRDA:73,7,1,2
BRDA:80,8,0,0
BRDA:80,8,1,1
BRDA:105,9,0,0
BRDA:105,9,1,0
BRF:18
BRH:14
end_of_record
TN:
SF:d:\Projects\TSDataStructure\dist\src\Nodes\LinkedNode.js
FN:13,(anonymous_1)
FN:23,(anonymous_2)
FN:33,(anonymous_3)
FN:39,(anonymous_4)
FN:45,(anonymous_5)
FNF:5
FNH:5
FNDA:27,(anonymous_1)
FNDA:1,(anonymous_2)
FNDA:15,(anonymous_3)
FNDA:12,(anonymous_4)
FNDA:19,(anonymous_5)
DA:5,1
DA:14,27
DA:15,27
DA:24,1
DA:25,0
DA:27,1
DA:28,1
DA:34,15
DA:40,12
DA:46,19
DA:47,19
DA:50,1
LF:12
LH:11
BRDA:24,1,0,0
BRDA:24,1,1,1
BRDA:40,2,0,3
BRDA:40,2,1,9
BRF:4
BRH:3
end_of_record
TN:
SF:d:\Projects\TSDataStructure\dist\src\Stack\Stack.js
FN:13,(anonymous_1)
FN:29,(anonymous_2)
FN:35,(anonymous_3)
FN:44,(anonymous_4)
FNF:4
FNH:4
FNDA:3,(anonymous_1)
FNDA:8,(anonymous_2)
FNDA:2,(anonymous_3)
FNDA:1,(anonymous_4)
DA:5,1
DA:20,3
DA:30,8
DA:36,2
DA:37,1
DA:39,1
DA:45,1
DA:48,1
LF:8
LH:8
BRDA:36,1,0,1
BRDA:36,1,1,1
BRF:2
BRH:2
end_of_record
TN:
SF:d:\Projects\TSDataStructure\dist\src\Queue\Queue.js
FN:13,(anonymous_1)
FN:29,(anonymous_2)
FN:32,(anonymous_3)
FN:38,(anonymous_4)
FNF:4
FNH:4
FNDA:3,(anonymous_1)
FNDA:8,(anonymous_2)
FNDA:2,(anonymous_3)
FNDA:1,(anonymous_4)
DA:5,1
DA:20,3
DA:30,8
DA:33,2
DA:34,1
DA:36,1
DA:39,1
DA:42,1
LF:8
LH:8
BRDA:33,1,0,1
BRDA:33,1,1,1
BRF:2
BRH:2
end_of_record
